Using pre-set license
Built from '2020.3/staging' branch; Version is '2020.3.24f1 (79c78de19888) revision 7980941'; Using compiler version '192528614'; Build Type 'Release'
OS: 'Windows 10  (10.0.19044) 64bit Professional' Language: 'ko' Physical Memory: 16315 MB
BatchMode: 1, IsHumanControllingUs: 0, StartBugReporterOnCrash: 0, Is64bit: 1, IsPro: 0

COMMAND LINE ARGUMENTS:
C:\Program Files\Unity\Hub\Editor\2020.3.24f1\Editor\Unity.exe
-adb2
-batchMode
-noUpm
-name
AssetImportWorker0
-projectPath
C:/Users/CJH/OneDrive/문서/GitHub/JewerlyHunter/Jewerly_Hunter
-logFile
Logs/AssetImportWorker0.log
-srvPort
61916
Successfully changed project path to: C:/Users/CJH/OneDrive/문서/GitHub/JewerlyHunter/Jewerly_Hunter
C:/Users/CJH/OneDrive/문서/GitHub/JewerlyHunter/Jewerly_Hunter
Using Asset Import Pipeline V2.
Refreshing native plugins compatible for Editor in 47.63 ms, found 3 plugins.
Preloading 0 native plugins for Editor in 0.00 ms.
Initialize engine version: 2020.3.24f1 (79c78de19888)
[Subsystems] Discovering subsystems at path C:/Program Files/Unity/Hub/Editor/2020.3.24f1/Editor/Data/Resources/UnitySubsystems
[Subsystems] Discovering subsystems at path C:/Users/CJH/OneDrive/문서/GitHub/JewerlyHunter/Jewerly_Hunter/Assets
GfxDevice: creating device client; threaded=0
Direct3D:
    Version:  Direct3D 11.0 [level 11.1]
    Renderer: Radeon RX 5500 XT (ID=0x7340)
    Vendor:   
    VRAM:     8151 MB
    Driver:   31.0.12027.7000
Initialize mono
Mono path[0] = 'C:/Program Files/Unity/Hub/Editor/2020.3.24f1/Editor/Data/Managed'
Mono path[1] = 'C:/Program Files/Unity/Hub/Editor/2020.3.24f1/Editor/Data/MonoBleedingEdge/lib/mono/unityjit'
Mono config path = 'C:/Program Files/Unity/Hub/Editor/2020.3.24f1/Editor/Data/MonoBleedingEdge/etc'
Using monoOptions --debugger-agent=transport=dt_socket,embedding=1,server=y,suspend=n,address=127.0.0.1:56964
Begin MonoManager ReloadAssembly
Registering precompiled unity dll's ...
Register platform support module: C:/Program Files/Unity/Hub/Editor/2020.3.24f1/Editor/Data/PlaybackEngines/WindowsStandaloneSupport/UnityEditor.WindowsStandalone.Extensions.dll
Registered in 0.003464 seconds.
Native extension for WindowsStandalone target not found
Refreshing native plugins compatible for Editor in 44.14 ms, found 3 plugins.
Preloading 0 native plugins for Editor in 0.00 ms.
Mono: successfully reloaded assembly
- Completed reload, in  0.520 seconds
Domain Reload Profiling:
	ReloadAssembly (520ms)
		BeginReloadAssembly (66ms)
			ExecutionOrderSort (0ms)
			DisableScriptedObjects (0ms)
			BackupInstance (0ms)
			ReleaseScriptingObjects (0ms)
			CreateAndSetChildDomain (1ms)
		EndReloadAssembly (383ms)
			LoadAssemblies (62ms)
			RebuildTransferFunctionScriptingTraits (0ms)
			SetupTypeCache (124ms)
			ReleaseScriptCaches (0ms)
			RebuildScriptCaches (24ms)
			SetupLoadedEditorAssemblies (146ms)
				LogAssemblyErrors (0ms)
				InitializePlatformSupportModulesInManaged (4ms)
				SetLoadedEditorAssemblies (0ms)
				RefreshPlugins (44ms)
				BeforeProcessingInitializeOnLoad (13ms)
				ProcessInitializeOnLoadAttributes (64ms)
				ProcessInitializeOnLoadMethodAttributes (21ms)
				AfterProcessingInitializeOnLoad (0ms)
				EditorAssembliesLoaded (0ms)
			ExecutionOrderSort2 (0ms)
			AwakeInstancesAfterBackupRestoration (0ms)
Platform modules already initialized, skipping
Registering precompiled user dll's ...
Registered in 0.008896 seconds.
Begin MonoManager ReloadAssembly
Native extension for WindowsStandalone target not found
Refreshing native plugins compatible for Editor in 44.97 ms, found 3 plugins.
Preloading 0 native plugins for Editor in 0.00 ms.
Mono: successfully reloaded assembly
- Completed reload, in  0.993 seconds
Domain Reload Profiling:
	ReloadAssembly (994ms)
		BeginReloadAssembly (136ms)
			ExecutionOrderSort (0ms)
			DisableScriptedObjects (4ms)
			BackupInstance (0ms)
			ReleaseScriptingObjects (0ms)
			CreateAndSetChildDomain (15ms)
		EndReloadAssembly (793ms)
			LoadAssemblies (102ms)
			RebuildTransferFunctionScriptingTraits (0ms)
			SetupTypeCache (256ms)
			ReleaseScriptCaches (0ms)
			RebuildScriptCaches (39ms)
			SetupLoadedEditorAssemblies (304ms)
				LogAssemblyErrors (0ms)
				InitializePlatformSupportModulesInManaged (3ms)
				SetLoadedEditorAssemblies (0ms)
				RefreshPlugins (45ms)
				BeforeProcessingInitializeOnLoad (79ms)
				ProcessInitializeOnLoadAttributes (151ms)
				ProcessInitializeOnLoadMethodAttributes (14ms)
				AfterProcessingInitializeOnLoad (11ms)
				EditorAssembliesLoaded (0ms)
			ExecutionOrderSort2 (0ms)
			AwakeInstancesAfterBackupRestoration (5ms)
Platform modules already initialized, skipping
========================================================================
Worker process is ready to serve import requests
Launched and connected shader compiler UnityShaderCompiler.exe after 0.05 seconds
Refreshing native plugins compatible for Editor in 0.59 ms, found 3 plugins.
Preloading 0 native plugins for Editor in 0.00 ms.
Unloading 2251 Unused Serialized files (Serialized files now loaded: 0)
System memory in use before: 98.0 MB.
System memory in use after: 98.1 MB.

Unloading 30 unused Assets to reduce memory usage. Loaded Objects now: 2692.
Total: 2.863200 ms (FindLiveObjects: 0.202100 ms CreateObjectMapping: 0.061200 ms MarkObjects: 2.544900 ms  DeleteObjects: 0.053900 ms)

AssetImportParameters requested are different than current active one (requested -> active):
  custom:framework-win-MediaFoundation: 216162199b28c13a410421893ffa2e32 -> 
  custom:video-decoder-ogg-theora: a1e56fd34408186e4bbccfd4996cb3dc -> 
  custom:container-muxer-webm: aa71ff27fc2769a1b78a27578f13a17b -> 
  custom:container-demuxer-webm: 4f35f7cbe854078d1ac9338744f61a02 -> 
  custom:container-demuxer-ogg: 62fdf1f143b41e24485cea50d1cbac27 -> 
  custom:video-encoder-webm-vp8: eb34c28f22e8b96e1ab97ce403110664 -> 
  custom:video-decoder-webm-vp8: 9c59270c3fd7afecdb556c50c9e8de78 -> 
  custom:audio-decoder-ogg-vorbis: bf7c407c2cedff20999df2af8eb42d56 -> 
  custom:audio-encoder-webm-vorbis: bf7c407c2cedff20999df2af8eb42d56 -> 
========================================================================
Received Import Request.
  path: Assets/read me.txt
  artifactKey: Guid(bd18d744cb61fc943963ffb06af91cf9) Importer(815301076,1909f56bfc062723c751e8b465ee728b)
Start importing Assets/read me.txt using Guid(bd18d744cb61fc943963ffb06af91cf9) Importer(815301076,1909f56bfc062723c751e8b465ee728b)  -> (artifact id: 'fe34c0573bee12bb071e21b73e322622') in 0.065000 seconds 
  Import took 0.068069 seconds .

========================================================================
Received Import Request.
  Time since last request: 0.000281 seconds.
  path: Assets/HealthUp.cs
  artifactKey: Guid(f3df33b8b9fe2ec439db17fdcc609e16) Importer(815301076,1909f56bfc062723c751e8b465ee728b)
Start importing Assets/HealthUp.cs using Guid(f3df33b8b9fe2ec439db17fdcc609e16) Importer(815301076,1909f56bfc062723c751e8b465ee728b)  -> (artifact id: '41a4d53e2d5d18ab475be09a0e583936') in 0.011902 seconds 
  Import took 0.014787 seconds .

========================================================================
Received Prepare
Registering precompiled user dll's ...
Registered in 0.008586 seconds.
Begin MonoManager ReloadAssembly
Native extension for WindowsStandalone target not found
Refreshing native plugins compatible for Editor in 0.56 ms, found 3 plugins.
Preloading 0 native plugins for Editor in 0.00 ms.
Mono: successfully reloaded assembly
- Completed reload, in  0.903 seconds
Domain Reload Profiling:
	ReloadAssembly (904ms)
		BeginReloadAssembly (123ms)
			ExecutionOrderSort (0ms)
			DisableScriptedObjects (4ms)
			BackupInstance (0ms)
			ReleaseScriptingObjects (0ms)
			CreateAndSetChildDomain (29ms)
		EndReloadAssembly (718ms)
			LoadAssemblies (100ms)
			RebuildTransferFunctionScriptingTraits (0ms)
			SetupTypeCache (254ms)
			ReleaseScriptCaches (1ms)
			RebuildScriptCaches (33ms)
			SetupLoadedEditorAssemblies (257ms)
				LogAssemblyErrors (0ms)
				InitializePlatformSupportModulesInManaged (4ms)
				SetLoadedEditorAssemblies (0ms)
				RefreshPlugins (1ms)
				BeforeProcessingInitializeOnLoad (80ms)
				ProcessInitializeOnLoadAttributes (152ms)
				ProcessInitializeOnLoadMethodAttributes (9ms)
				AfterProcessingInitializeOnLoad (11ms)
				EditorAssembliesLoaded (0ms)
			ExecutionOrderSort2 (0ms)
			AwakeInstancesAfterBackupRestoration (7ms)
Platform modules already initialized, skipping
Refreshing native plugins compatible for Editor in 0.58 ms, found 3 plugins.
Preloading 0 native plugins for Editor in 0.00 ms.
Unloading 2237 Unused Serialized files (Serialized files now loaded: 0)
System memory in use before: 97.2 MB.
System memory in use after: 97.3 MB.

Unloading 19 unused Assets to reduce memory usage. Loaded Objects now: 2694.
Total: 2.880600 ms (FindLiveObjects: 0.193600 ms CreateObjectMapping: 0.050900 ms MarkObjects: 2.621400 ms  DeleteObjects: 0.013200 ms)

AssetImportParameters requested are different than current active one (requested -> active):
  custom:framework-win-MediaFoundation: 216162199b28c13a410421893ffa2e32 -> 
  custom:video-decoder-ogg-theora: a1e56fd34408186e4bbccfd4996cb3dc -> 
  custom:container-muxer-webm: aa71ff27fc2769a1b78a27578f13a17b -> 
  custom:container-demuxer-webm: 4f35f7cbe854078d1ac9338744f61a02 -> 
  custom:container-demuxer-ogg: 62fdf1f143b41e24485cea50d1cbac27 -> 
  custom:video-encoder-webm-vp8: eb34c28f22e8b96e1ab97ce403110664 -> 
  custom:video-decoder-webm-vp8: 9c59270c3fd7afecdb556c50c9e8de78 -> 
  custom:audio-decoder-ogg-vorbis: bf7c407c2cedff20999df2af8eb42d56 -> 
  custom:audio-encoder-webm-vorbis: bf7c407c2cedff20999df2af8eb42d56 -> 
========================================================================
Received Import Request.
  Time since last request: 240.466024 seconds.
  path: Assets/UI
  artifactKey: Guid(72781556ecaf27a4c81b9d40a1e71695) Importer(815301076,1909f56bfc062723c751e8b465ee728b)
Start importing Assets/UI using Guid(72781556ecaf27a4c81b9d40a1e71695) Importer(815301076,1909f56bfc062723c751e8b465ee728b)  -> (artifact id: '0da1381fe8ec60eca7c84958ed202e0d') in 0.010272 seconds 
  Import took 0.013768 seconds .

========================================================================
Received Import Request.
  Time since last request: 3.401512 seconds.
  path: Assets/Stage3
  artifactKey: Guid(94d44ca76e487e94aa4350b55a9e08fc) Importer(815301076,1909f56bfc062723c751e8b465ee728b)
Start importing Assets/Stage3 using Guid(94d44ca76e487e94aa4350b55a9e08fc) Importer(815301076,1909f56bfc062723c751e8b465ee728b)  -> (artifact id: '07dca1d9e8608dc58c5996e339797c71') in 0.006242 seconds 
  Import took 0.009471 seconds .

========================================================================
Received Import Request.
  Time since last request: 3.094827 seconds.
  path: Assets
  artifactKey: Guid(00000000000000001000000000000000) Importer(815301076,1909f56bfc062723c751e8b465ee728b)
Start importing Assets using Guid(00000000000000001000000000000000) Importer(815301076,1909f56bfc062723c751e8b465ee728b)  -> (artifact id: '42d402b061de3733987d63b9cc3b64de') in 0.006262 seconds 
  Import took 0.009626 seconds .

========================================================================
Received Import Request.
  Time since last request: 1.543974 seconds.
  path: Assets/Stage3/Night
  artifactKey: Guid(45cc5f810f4f5e046882a64c372ac168) Importer(815301076,1909f56bfc062723c751e8b465ee728b)
Start importing Assets/Stage3/Night using Guid(45cc5f810f4f5e046882a64c372ac168) Importer(815301076,1909f56bfc062723c751e8b465ee728b)  -> (artifact id: 'f30b99a81b3328041bae64307b86ccaf') in 0.006489 seconds 
  Import took 0.009785 seconds .

========================================================================
Received Import Request.
  Time since last request: 1.039943 seconds.
  path: Assets/Stage3/Night/Background Night
  artifactKey: Guid(293e071354654834496d6ea8c4017096) Importer(815301076,1909f56bfc062723c751e8b465ee728b)
Start importing Assets/Stage3/Night/Background Night using Guid(293e071354654834496d6ea8c4017096) Importer(815301076,1909f56bfc062723c751e8b465ee728b)  -> (artifact id: '63c9a91a28aae9994da13fd401e733de') in 0.006548 seconds 
  Import took 0.009964 seconds .

========================================================================
Received Import Request.
  Time since last request: 0.160249 seconds.
  path: Assets/Stage3/Night/Example Scene
  artifactKey: Guid(d55a6e871fee1334aa80a36cdbfc7627) Importer(815301076,1909f56bfc062723c751e8b465ee728b)
Start importing Assets/Stage3/Night/Example Scene using Guid(d55a6e871fee1334aa80a36cdbfc7627) Importer(815301076,1909f56bfc062723c751e8b465ee728b)  -> (artifact id: 'e3f08d286c3b117ac6979dbbb1bdd65c') in 0.006718 seconds 
  Import took 0.009692 seconds .

========================================================================
Received Import Request.
  Time since last request: 1.399836 seconds.
  path: Assets/Stage3/Night/Platform Blocks Night
  artifactKey: Guid(a53773fc86258594e894260b66e01f6d) Importer(815301076,1909f56bfc062723c751e8b465ee728b)
Start importing Assets/Stage3/Night/Platform Blocks Night using Guid(a53773fc86258594e894260b66e01f6d) Importer(815301076,1909f56bfc062723c751e8b465ee728b)  -> (artifact id: 'cc57c4ceb883be7786bb8ea4dd56d616') in 0.006316 seconds 
  Import took 0.009640 seconds .

========================================================================
Received Import Request.
  Time since last request: 1.224225 seconds.
  path: Assets/Stage3/Night/Platform Blocks Night/center left.png
  artifactKey: Guid(6ce0b57cdadc6524080b8f31412dadf0) Importer(815301076,1909f56bfc062723c751e8b465ee728b)
Start importing Assets/Stage3/Night/Platform Blocks Night/center left.png using Guid(6ce0b57cdadc6524080b8f31412dadf0) Importer(815301076,1909f56bfc062723c751e8b465ee728b)  -> (artifact id: 'ebddfde8da5cffe88a04fa5f50707988') in 0.150705 seconds 
  Import took 0.154084 seconds .

========================================================================
Received Import Request.
  Time since last request: 0.000209 seconds.
  path: Assets/Stage3/Night/Platform Blocks Night/center right.png
  artifactKey: Guid(ec03b7e46f926294e8204be0f885ada3) Importer(815301076,1909f56bfc062723c751e8b465ee728b)
Start importing Assets/Stage3/Night/Platform Blocks Night/center right.png using Guid(ec03b7e46f926294e8204be0f885ada3) Importer(815301076,1909f56bfc062723c751e8b465ee728b)  -> (artifact id: 'd35b72d15b43482647013523f4709c75') in 0.017705 seconds 
  Import took 0.020768 seconds .

========================================================================
Received Import Request.
  Time since last request: 11.814727 seconds.
  path: Assets/Ground
  artifactKey: Guid(bc12c46537ada7e4ca0a4257abbefb32) Importer(815301076,1909f56bfc062723c751e8b465ee728b)
Start importing Assets/Ground using Guid(bc12c46537ada7e4ca0a4257abbefb32) Importer(815301076,1909f56bfc062723c751e8b465ee728b)  -> (artifact id: '2505014a9b435bfe4d4aaca412179384') in 0.006684 seconds 
  Import took 0.010197 seconds .

========================================================================
Received Import Request.
  Time since last request: 1.450768 seconds.
  path: Assets/Ground/Blocks Large 1 (3).prefab
  artifactKey: Guid(f413aa1feea67af4ebdb586af6e087a7) Importer(815301076,1909f56bfc062723c751e8b465ee728b)
Start importing Assets/Ground/Blocks Large 1 (3).prefab using Guid(f413aa1feea67af4ebdb586af6e087a7) Importer(815301076,1909f56bfc062723c751e8b465ee728b)  -> (artifact id: '426d8c3190c52394cedfe42a7d648d6d') in 0.072070 seconds 
  Import took 0.075657 seconds .

========================================================================
Received Import Request.
  Time since last request: 176.703295 seconds.
  path: Assets/Animation
  artifactKey: Guid(b30ff125e76dd2a4785bc6cbb44b9a5d) Importer(815301076,1909f56bfc062723c751e8b465ee728b)
Start importing Assets/Animation using Guid(b30ff125e76dd2a4785bc6cbb44b9a5d) Importer(815301076,1909f56bfc062723c751e8b465ee728b)  -> (artifact id: '629233387839eb32c7e0d3822c6526a9') in 0.007902 seconds 
  Import took 0.011359 seconds .

========================================================================
Received Import Request.
  Time since last request: 2.615095 seconds.
  path: Assets/_TerrainAutoUpgrade
  artifactKey: Guid(55381cbe15271924e90730b7876a4d0e) Importer(815301076,1909f56bfc062723c751e8b465ee728b)
Start importing Assets/_TerrainAutoUpgrade using Guid(55381cbe15271924e90730b7876a4d0e) Importer(815301076,1909f56bfc062723c751e8b465ee728b)  -> (artifact id: '3d15eaea714b74e363e670bb3de5b0e9') in 0.006759 seconds 
  Import took 0.010051 seconds .

========================================================================
Received Import Request.
  Time since last request: 4.885929 seconds.
  path: Assets/Free Game Items/96dpi
  artifactKey: Guid(6880c46283a35c5479c6c49bbcc3beec) Importer(815301076,1909f56bfc062723c751e8b465ee728b)
Start importing Assets/Free Game Items/96dpi using Guid(6880c46283a35c5479c6c49bbcc3beec) Importer(815301076,1909f56bfc062723c751e8b465ee728b)  -> (artifact id: '81563b8de4f61f3c3322255f9d3a6412') in 0.006597 seconds 
  Import took 0.010015 seconds .

========================================================================
Received Import Request.
  Time since last request: 2.706880 seconds.
  path: Assets/Materials
  artifactKey: Guid(a4ddef97c4e009f40a7053fe5c2164f4) Importer(815301076,1909f56bfc062723c751e8b465ee728b)
Start importing Assets/Materials using Guid(a4ddef97c4e009f40a7053fe5c2164f4) Importer(815301076,1909f56bfc062723c751e8b465ee728b)  -> (artifact id: '92fbeb14c77684e03c579730374e9adc') in 0.006891 seconds 
  Import took 0.010292 seconds .

========================================================================
Received Import Request.
  Time since last request: 0.245254 seconds.
  path: Assets/Packages
  artifactKey: Guid(aefc5aec680a46f418589095d4b0c287) Importer(815301076,1909f56bfc062723c751e8b465ee728b)
Start importing Assets/Packages using Guid(aefc5aec680a46f418589095d4b0c287) Importer(815301076,1909f56bfc062723c751e8b465ee728b)  -> (artifact id: '479850fec67f139d3103a764f250f29b') in 0.006887 seconds 
  Import took 0.010257 seconds .

========================================================================
Received Prepare
Registering precompiled user dll's ...
Registered in 0.008909 seconds.
Begin MonoManager ReloadAssembly
Native extension for WindowsStandalone target not found
Refreshing native plugins compatible for Editor in 0.56 ms, found 3 plugins.
Preloading 0 native plugins for Editor in 0.00 ms.
Mono: successfully reloaded assembly
- Completed reload, in  0.887 seconds
Domain Reload Profiling:
	ReloadAssembly (887ms)
		BeginReloadAssembly (119ms)
			ExecutionOrderSort (0ms)
			DisableScriptedObjects (4ms)
			BackupInstance (0ms)
			ReleaseScriptingObjects (0ms)
			CreateAndSetChildDomain (29ms)
		EndReloadAssembly (706ms)
			LoadAssemblies (100ms)
			RebuildTransferFunctionScriptingTraits (0ms)
			SetupTypeCache (247ms)
			ReleaseScriptCaches (1ms)
			RebuildScriptCaches (34ms)
			SetupLoadedEditorAssemblies (254ms)
				LogAssemblyErrors (0ms)
				InitializePlatformSupportModulesInManaged (4ms)
				SetLoadedEditorAssemblies (0ms)
				RefreshPlugins (1ms)
				BeforeProcessingInitializeOnLoad (79ms)
				ProcessInitializeOnLoadAttributes (150ms)
				ProcessInitializeOnLoadMethodAttributes (9ms)
				AfterProcessingInitializeOnLoad (11ms)
				EditorAssembliesLoaded (0ms)
			ExecutionOrderSort2 (0ms)
			AwakeInstancesAfterBackupRestoration (7ms)
Platform modules already initialized, skipping
Refreshing native plugins compatible for Editor in 0.54 ms, found 3 plugins.
Preloading 0 native plugins for Editor in 0.00 ms.
Unloading 2237 Unused Serialized files (Serialized files now loaded: 0)
System memory in use before: 100.3 MB.
System memory in use after: 100.4 MB.

Unloading 19 unused Assets to reduce memory usage. Loaded Objects now: 2708.
Total: 2.771600 ms (FindLiveObjects: 0.189700 ms CreateObjectMapping: 0.050700 ms MarkObjects: 2.517000 ms  DeleteObjects: 0.013100 ms)

AssetImportParameters requested are different than current active one (requested -> active):
  custom:framework-win-MediaFoundation: 216162199b28c13a410421893ffa2e32 -> 
  custom:video-decoder-ogg-theora: a1e56fd34408186e4bbccfd4996cb3dc -> 
  custom:container-muxer-webm: aa71ff27fc2769a1b78a27578f13a17b -> 
  custom:container-demuxer-webm: 4f35f7cbe854078d1ac9338744f61a02 -> 
  custom:container-demuxer-ogg: 62fdf1f143b41e24485cea50d1cbac27 -> 
  custom:video-encoder-webm-vp8: eb34c28f22e8b96e1ab97ce403110664 -> 
  custom:video-decoder-webm-vp8: 9c59270c3fd7afecdb556c50c9e8de78 -> 
  custom:audio-decoder-ogg-vorbis: bf7c407c2cedff20999df2af8eb42d56 -> 
  custom:audio-encoder-webm-vorbis: bf7c407c2cedff20999df2af8eb42d56 -> 
========================================================================
Received Import Request.
  Time since last request: 604.598164 seconds.
  path: Assets/Plugins
  artifactKey: Guid(4ecfd863eba2e64429d04923f50f0a19) Importer(815301076,1909f56bfc062723c751e8b465ee728b)
Start importing Assets/Plugins using Guid(4ecfd863eba2e64429d04923f50f0a19) Importer(815301076,1909f56bfc062723c751e8b465ee728b)  -> (artifact id: '27b435f666d91b661202048ab3907059') in 0.010009 seconds 
  Import took 0.013600 seconds .

========================================================================
Received Import Request.
  Time since last request: 0.394028 seconds.
  path: Assets/Resources
  artifactKey: Guid(9c1ea533c3a93504babc62e19590d066) Importer(815301076,1909f56bfc062723c751e8b465ee728b)
Start importing Assets/Resources using Guid(9c1ea533c3a93504babc62e19590d066) Importer(815301076,1909f56bfc062723c751e8b465ee728b)  -> (artifact id: 'cbfe36a948c61978cc1c9f04e6b170ca') in 0.006341 seconds 
  Import took 0.009683 seconds .

========================================================================
Received Prepare
Registering precompiled user dll's ...
Registered in 0.009169 seconds.
Begin MonoManager ReloadAssembly
Native extension for WindowsStandalone target not found
Refreshing native plugins compatible for Editor in 0.57 ms, found 3 plugins.
Preloading 0 native plugins for Editor in 0.00 ms.
Mono: successfully reloaded assembly
- Completed reload, in  0.892 seconds
Domain Reload Profiling:
	ReloadAssembly (893ms)
		BeginReloadAssembly (113ms)
			ExecutionOrderSort (0ms)
			DisableScriptedObjects (5ms)
			BackupInstance (0ms)
			ReleaseScriptingObjects (0ms)
			CreateAndSetChildDomain (28ms)
		EndReloadAssembly (716ms)
			LoadAssemblies (105ms)
			RebuildTransferFunctionScriptingTraits (0ms)
			SetupTypeCache (248ms)
			ReleaseScriptCaches (1ms)
			RebuildScriptCaches (34ms)
			SetupLoadedEditorAssemblies (256ms)
				LogAssemblyErrors (0ms)
				InitializePlatformSupportModulesInManaged (4ms)
				SetLoadedEditorAssemblies (0ms)
				RefreshPlugins (1ms)
				BeforeProcessingInitializeOnLoad (80ms)
				ProcessInitializeOnLoadAttributes (150ms)
				ProcessInitializeOnLoadMethodAttributes (9ms)
				AfterProcessingInitializeOnLoad (11ms)
				EditorAssembliesLoaded (0ms)
			ExecutionOrderSort2 (0ms)
			AwakeInstancesAfterBackupRestoration (7ms)
Platform modules already initialized, skipping
Refreshing native plugins compatible for Editor in 0.56 ms, found 3 plugins.
Preloading 0 native plugins for Editor in 0.00 ms.
Unloading 2237 Unused Serialized files (Serialized files now loaded: 0)
System memory in use before: 100.3 MB.
System memory in use after: 100.4 MB.

Unloading 19 unused Assets to reduce memory usage. Loaded Objects now: 2710.
Total: 2.824500 ms (FindLiveObjects: 0.187700 ms CreateObjectMapping: 0.053500 ms MarkObjects: 2.569300 ms  DeleteObjects: 0.013200 ms)

AssetImportParameters requested are different than current active one (requested -> active):
  custom:framework-win-MediaFoundation: 216162199b28c13a410421893ffa2e32 -> 
  custom:video-decoder-ogg-theora: a1e56fd34408186e4bbccfd4996cb3dc -> 
  custom:container-muxer-webm: aa71ff27fc2769a1b78a27578f13a17b -> 
  custom:container-demuxer-webm: 4f35f7cbe854078d1ac9338744f61a02 -> 
  custom:container-demuxer-ogg: 62fdf1f143b41e24485cea50d1cbac27 -> 
  custom:video-encoder-webm-vp8: eb34c28f22e8b96e1ab97ce403110664 -> 
  custom:video-decoder-webm-vp8: 9c59270c3fd7afecdb556c50c9e8de78 -> 
  custom:audio-decoder-ogg-vorbis: bf7c407c2cedff20999df2af8eb42d56 -> 
  custom:audio-encoder-webm-vorbis: bf7c407c2cedff20999df2af8eb42d56 -> 
========================================================================
Received Import Request.
  Time since last request: 9.674482 seconds.
  path: Assets/ToonEnvironment/Lens Flares
  artifactKey: Guid(323fb7ceeeb8a0e49bf97cfd2e031781) Importer(815301076,1909f56bfc062723c751e8b465ee728b)
Start importing Assets/ToonEnvironment/Lens Flares using Guid(323fb7ceeeb8a0e49bf97cfd2e031781) Importer(815301076,1909f56bfc062723c751e8b465ee728b)  -> (artifact id: '6bc7307fcfb07e0d385b7c8d32af704f') in 0.009758 seconds 
  Import took 0.013198 seconds .

========================================================================
Received Import Request.
  Time since last request: 0.262592 seconds.
  path: Assets/ToonEnvironment/Materials
  artifactKey: Guid(b51d84f82e8d56b4abdc5810667ff755) Importer(815301076,1909f56bfc062723c751e8b465ee728b)
Start importing Assets/ToonEnvironment/Materials using Guid(b51d84f82e8d56b4abdc5810667ff755) Importer(815301076,1909f56bfc062723c751e8b465ee728b)  -> (artifact id: '05c6a0c4140a3bacbdf08e697f14a21b') in 0.003570 seconds 
  Import took 0.006773 seconds .

========================================================================
Received Import Request.
  Time since last request: 0.257186 seconds.
  path: Assets/ToonEnvironment/Models
  artifactKey: Guid(60bc6529de3312440a7268d4e59c472c) Importer(815301076,1909f56bfc062723c751e8b465ee728b)
Start importing Assets/ToonEnvironment/Models using Guid(60bc6529de3312440a7268d4e59c472c) Importer(815301076,1909f56bfc062723c751e8b465ee728b)  -> (artifact id: 'f6223b445365d460244ec7f9a8a4804e') in 0.006603 seconds 
  Import took 0.010019 seconds .

========================================================================
Received Import Request.
  Time since last request: 0.150665 seconds.
  path: Assets/ToonEnvironment/Scripts
  artifactKey: Guid(0f3c9dafe14d3584fac66e1804683f28) Importer(815301076,1909f56bfc062723c751e8b465ee728b)
Start importing Assets/ToonEnvironment/Scripts using Guid(0f3c9dafe14d3584fac66e1804683f28) Importer(815301076,1909f56bfc062723c751e8b465ee728b)  -> (artifact id: '161870a0462683373c8ee528526a0a8c') in 0.006123 seconds 
  Import took 0.009497 seconds .

========================================================================
Received Import Request.
  Time since last request: 1.751870 seconds.
  path: Assets/ToonEnvironment/Models/WorldFloor.FBX
  artifactKey: Guid(32b62d2cbc10c0145a5446a0f1b96416) Importer(815301076,1909f56bfc062723c751e8b465ee728b)
Start importing Assets/ToonEnvironment/Models/WorldFloor.FBX using Guid(32b62d2cbc10c0145a5446a0f1b96416) Importer(815301076,1909f56bfc062723c751e8b465ee728b)  -> (artifact id: 'd49ca4b1d524908709fe5c5d776fc5d0') in 0.303112 seconds 
  Import took 0.306512 seconds .

========================================================================
Received Prepare
Registering precompiled user dll's ...
Registered in 0.008802 seconds.
Begin MonoManager ReloadAssembly
Native extension for WindowsStandalone target not found
Refreshing native plugins compatible for Editor in 0.58 ms, found 3 plugins.
Preloading 0 native plugins for Editor in 0.00 ms.
Mono: successfully reloaded assembly
- Completed reload, in  0.883 seconds
Domain Reload Profiling:
	ReloadAssembly (884ms)
		BeginReloadAssembly (107ms)
			ExecutionOrderSort (0ms)
			DisableScriptedObjects (4ms)
			BackupInstance (0ms)
			ReleaseScriptingObjects (0ms)
			CreateAndSetChildDomain (27ms)
		EndReloadAssembly (714ms)
			LoadAssemblies (101ms)
			RebuildTransferFunctionScriptingTraits (0ms)
			SetupTypeCache (246ms)
			ReleaseScriptCaches (1ms)
			RebuildScriptCaches (34ms)
			SetupLoadedEditorAssemblies (259ms)
				LogAssemblyErrors (0ms)
				InitializePlatformSupportModulesInManaged (4ms)
				SetLoadedEditorAssemblies (0ms)
				RefreshPlugins (1ms)
				BeforeProcessingInitializeOnLoad (83ms)
				ProcessInitializeOnLoadAttributes (150ms)
				ProcessInitializeOnLoadMethodAttributes (9ms)
				AfterProcessingInitializeOnLoad (11ms)
				EditorAssembliesLoaded (0ms)
			ExecutionOrderSort2 (0ms)
			AwakeInstancesAfterBackupRestoration (7ms)
Platform modules already initialized, skipping
Refreshing native plugins compatible for Editor in 0.56 ms, found 3 plugins.
Preloading 0 native plugins for Editor in 0.00 ms.
Unloading 2237 Unused Serialized files (Serialized files now loaded: 0)
System memory in use before: 100.6 MB.
System memory in use after: 100.8 MB.

Unloading 20 unused Assets to reduce memory usage. Loaded Objects now: 2716.
Total: 2.854800 ms (FindLiveObjects: 0.226100 ms CreateObjectMapping: 0.067600 ms MarkObjects: 2.541400 ms  DeleteObjects: 0.018100 ms)

AssetImportParameters requested are different than current active one (requested -> active):
  custom:framework-win-MediaFoundation: 216162199b28c13a410421893ffa2e32 -> 
  custom:video-decoder-ogg-theora: a1e56fd34408186e4bbccfd4996cb3dc -> 
  custom:container-muxer-webm: aa71ff27fc2769a1b78a27578f13a17b -> 
  custom:container-demuxer-webm: 4f35f7cbe854078d1ac9338744f61a02 -> 
  custom:container-demuxer-ogg: 62fdf1f143b41e24485cea50d1cbac27 -> 
  custom:video-encoder-webm-vp8: eb34c28f22e8b96e1ab97ce403110664 -> 
  custom:video-decoder-webm-vp8: 9c59270c3fd7afecdb556c50c9e8de78 -> 
  custom:audio-decoder-ogg-vorbis: bf7c407c2cedff20999df2af8eb42d56 -> 
  custom:audio-encoder-webm-vorbis: bf7c407c2cedff20999df2af8eb42d56 -> 
========================================================================
Received Import Request.
  Time since last request: 7.882434 seconds.
  path: Assets/UltraMare/Minimalist Cartoon UI Pack
  artifactKey: Guid(6fc79a0b9ac559746aead8dc692d3056) Importer(815301076,1909f56bfc062723c751e8b465ee728b)
Start importing Assets/UltraMare/Minimalist Cartoon UI Pack using Guid(6fc79a0b9ac559746aead8dc692d3056) Importer(815301076,1909f56bfc062723c751e8b465ee728b)  -> (artifact id: 'a67a1014a4a63f056d7af88826447f94') in 0.008660 seconds 
  Import took 0.011935 seconds .

========================================================================
Received Import Request.
  Time since last request: 5.254596 seconds.
  path: Assets/Script/BirdDownUP.cs
  artifactKey: Guid(6f5981bb4b357e942871c8ace6cffc06) Importer(815301076,1909f56bfc062723c751e8b465ee728b)
Start importing Assets/Script/BirdDownUP.cs using Guid(6f5981bb4b357e942871c8ace6cffc06) Importer(815301076,1909f56bfc062723c751e8b465ee728b)  -> (artifact id: 'bfe5a24ca84b3f7a197378f553bb7e91') in 0.023189 seconds 
  Import took 0.026999 seconds .

========================================================================
Received Import Request.
  Time since last request: 3.146977 seconds.
  path: Assets/UltraMare/Minimalist Cartoon UI Pack/Material
  artifactKey: Guid(da82720f0b4182142a4468e695d8f407) Importer(815301076,1909f56bfc062723c751e8b465ee728b)
Start importing Assets/UltraMare/Minimalist Cartoon UI Pack/Material using Guid(da82720f0b4182142a4468e695d8f407) Importer(815301076,1909f56bfc062723c751e8b465ee728b)  -> (artifact id: '2819432c98c4bcb8faa32d59bddcc097') in 0.006629 seconds 
  Import took 0.010157 seconds .

========================================================================
Received Import Request.
  Time since last request: 1.173419 seconds.
  path: Assets/UltraMare/Minimalist Cartoon UI Pack/Scenes
  artifactKey: Guid(4f704ae4b4f98ae41a0bce26658850c1) Importer(815301076,1909f56bfc062723c751e8b465ee728b)
Start importing Assets/UltraMare/Minimalist Cartoon UI Pack/Scenes using Guid(4f704ae4b4f98ae41a0bce26658850c1) Importer(815301076,1909f56bfc062723c751e8b465ee728b)  -> (artifact id: '8208fd568ee2d33985b5310927ecacb9') in 0.006995 seconds 
  Import took 0.010629 seconds .

========================================================================
Received Import Request.
  Time since last request: 0.741385 seconds.
  path: Assets/UltraMare/Minimalist Cartoon UI Pack/Scripts
  artifactKey: Guid(771be3dd5141bb240ba47d09df76bc02) Importer(815301076,1909f56bfc062723c751e8b465ee728b)
Start importing Assets/UltraMare/Minimalist Cartoon UI Pack/Scripts using Guid(771be3dd5141bb240ba47d09df76bc02) Importer(815301076,1909f56bfc062723c751e8b465ee728b)  -> (artifact id: '385d3ac3b22e1221193b3bb3dafb7813') in 0.003310 seconds 
  Import took 0.006705 seconds .

========================================================================
Received Import Request.
  Time since last request: 1.663638 seconds.
  path: Assets/UltraMare/Minimalist Cartoon UI Pack/Material/Cursor_Simple.png
  artifactKey: Guid(778b7840f98e1d746b08abd90221ba4a) Importer(815301076,1909f56bfc062723c751e8b465ee728b)
Start importing Assets/UltraMare/Minimalist Cartoon UI Pack/Material/Cursor_Simple.png using Guid(778b7840f98e1d746b08abd90221ba4a) Importer(815301076,1909f56bfc062723c751e8b465ee728b)  -> (artifact id: '0d66d650ff05def5f4028b189441e953') in 0.029326 seconds 
  Import took 0.032803 seconds .

========================================================================
Received Import Request.
  Time since last request: 0.489103 seconds.
  path: Assets/UltraMare/Minimalist Cartoon UI Pack/Material/Cursor_Hand1.png
  artifactKey: Guid(8219bfdc2f8e07c4087a040ba8777203) Importer(815301076,1909f56bfc062723c751e8b465ee728b)
Start importing Assets/UltraMare/Minimalist Cartoon UI Pack/Material/Cursor_Hand1.png using Guid(8219bfdc2f8e07c4087a040ba8777203) Importer(815301076,1909f56bfc062723c751e8b465ee728b)  -> (artifact id: 'ea926661a353f3a77717b19584f7210f') in 0.012003 seconds 
  Import took 0.015376 seconds .

========================================================================
Received Import Request.
  Time since last request: 1.040483 seconds.
  path: Assets/UltraMare/Minimalist Cartoon UI Pack/Material/Minimalist Cartoon UI Pack.png
  artifactKey: Guid(199a3ccabfe448e498a511226539c05a) Importer(815301076,1909f56bfc062723c751e8b465ee728b)
Start importing Assets/UltraMare/Minimalist Cartoon UI Pack/Material/Minimalist Cartoon UI Pack.png using Guid(199a3ccabfe448e498a511226539c05a) Importer(815301076,1909f56bfc062723c751e8b465ee728b)  -> (artifact id: '1f69376d097cab7f1f1171dae0265f75') in 0.033215 seconds 
  Import took 0.036804 seconds .

========================================================================
Received Import Request.
  Time since last request: 0.344730 seconds.
  path: Assets/UltraMare/Minimalist Cartoon UI Pack/Material/Minimalist Cartoon UI Pack Sliced.png
  artifactKey: Guid(7a90fcdada22c9b429479d5933a03692) Importer(815301076,1909f56bfc062723c751e8b465ee728b)
Start importing Assets/UltraMare/Minimalist Cartoon UI Pack/Material/Minimalist Cartoon UI Pack Sliced.png using Guid(7a90fcdada22c9b429479d5933a03692) Importer(815301076,1909f56bfc062723c751e8b465ee728b)  -> (artifact id: 'ffa9dc4e484e950af73f5c0621647a65') in 0.279559 seconds 
  Import took 0.283444 seconds .

========================================================================
Received Prepare
Registering precompiled user dll's ...
Registered in 0.008982 seconds.
Begin MonoManager ReloadAssembly
Native extension for WindowsStandalone target not found
Refreshing native plugins compatible for Editor in 0.57 ms, found 3 plugins.
Preloading 0 native plugins for Editor in 0.00 ms.
Mono: successfully reloaded assembly
- Completed reload, in  0.877 seconds
Domain Reload Profiling:
	ReloadAssembly (878ms)
		BeginReloadAssembly (110ms)
			ExecutionOrderSort (0ms)
			DisableScriptedObjects (4ms)
			BackupInstance (0ms)
			ReleaseScriptingObjects (0ms)
			CreateAndSetChildDomain (27ms)
		EndReloadAssembly (705ms)
			LoadAssemblies (101ms)
			RebuildTransferFunctionScriptingTraits (0ms)
			SetupTypeCache (248ms)
			ReleaseScriptCaches (1ms)
			RebuildScriptCaches (34ms)
			SetupLoadedEditorAssemblies (251ms)
				LogAssemblyErrors (0ms)
				InitializePlatformSupportModulesInManaged (4ms)
				SetLoadedEditorAssemblies (0ms)
				RefreshPlugins (1ms)
				BeforeProcessingInitializeOnLoad (78ms)
				ProcessInitializeOnLoadAttributes (148ms)
				ProcessInitializeOnLoadMethodAttributes (9ms)
				AfterProcessingInitializeOnLoad (11ms)
				EditorAssembliesLoaded (0ms)
			ExecutionOrderSort2 (0ms)
			AwakeInstancesAfterBackupRestoration (7ms)
Platform modules already initialized, skipping
Refreshing native plugins compatible for Editor in 0.57 ms, found 3 plugins.
Preloading 0 native plugins for Editor in 0.00 ms.
Unloading 2237 Unused Serialized files (Serialized files now loaded: 0)
System memory in use before: 100.8 MB.
System memory in use after: 101.0 MB.

Unloading 19 unused Assets to reduce memory usage. Loaded Objects now: 2836.
Total: 2.810700 ms (FindLiveObjects: 0.225600 ms CreateObjectMapping: 0.057300 ms MarkObjects: 2.513300 ms  DeleteObjects: 0.013700 ms)

AssetImportParameters requested are different than current active one (requested -> active):
  custom:framework-win-MediaFoundation: 216162199b28c13a410421893ffa2e32 -> 
  custom:video-decoder-ogg-theora: a1e56fd34408186e4bbccfd4996cb3dc -> 
  custom:container-muxer-webm: aa71ff27fc2769a1b78a27578f13a17b -> 
  custom:container-demuxer-webm: 4f35f7cbe854078d1ac9338744f61a02 -> 
  custom:container-demuxer-ogg: 62fdf1f143b41e24485cea50d1cbac27 -> 
  custom:video-encoder-webm-vp8: eb34c28f22e8b96e1ab97ce403110664 -> 
  custom:video-decoder-webm-vp8: 9c59270c3fd7afecdb556c50c9e8de78 -> 
  custom:audio-decoder-ogg-vorbis: bf7c407c2cedff20999df2af8eb42d56 -> 
  custom:audio-encoder-webm-vorbis: bf7c407c2cedff20999df2af8eb42d56 -> 
========================================================================
Received Import Request.
  Time since last request: 9.966368 seconds.
  path: Assets/Textures
  artifactKey: Guid(580c929330b456548aaf410cf7d6c030) Importer(815301076,1909f56bfc062723c751e8b465ee728b)
Start importing Assets/Textures using Guid(580c929330b456548aaf410cf7d6c030) Importer(815301076,1909f56bfc062723c751e8b465ee728b)  -> (artifact id: '6a285b44aaa618dbd3b4ac5a52683789') in 0.009965 seconds 
  Import took 0.013410 seconds .

========================================================================
Received Import Request.
  Time since last request: 32.726146 seconds.
  path: Assets/Script/UpTrap.cs
  artifactKey: Guid(0b6539846be263e44a67639316153ac9) Importer(815301076,1909f56bfc062723c751e8b465ee728b)
Start importing Assets/Script/UpTrap.cs using Guid(0b6539846be263e44a67639316153ac9) Importer(815301076,1909f56bfc062723c751e8b465ee728b)  -> (artifact id: '45b69db48180fc74bd5003072b155510') in 0.006497 seconds 
  Import took 0.009924 seconds .

========================================================================
Received Import Request.
  Time since last request: 6.593064 seconds.
  path: Assets/Script/SkyBoxRender.cs
  artifactKey: Guid(997b657925505e043a2cb80b71eabb36) Importer(815301076,1909f56bfc062723c751e8b465ee728b)
Start importing Assets/Script/SkyBoxRender.cs using Guid(997b657925505e043a2cb80b71eabb36) Importer(815301076,1909f56bfc062723c751e8b465ee728b)  -> (artifact id: '0e222b9ae4c80db5ddeef6f8a4a69a39') in 0.006012 seconds 
  Import took 0.009235 seconds .

========================================================================
Received Import Request.
  Time since last request: 0.429799 seconds.
  path: Assets/Script/Run.cs
  artifactKey: Guid(a14b76e0a79a0df46a157b5ecf273488) Importer(815301076,1909f56bfc062723c751e8b465ee728b)
Start importing Assets/Script/Run.cs using Guid(a14b76e0a79a0df46a157b5ecf273488) Importer(815301076,1909f56bfc062723c751e8b465ee728b)  -> (artifact id: 'b9905236a1220e2836a489aba07796cf') in 0.006520 seconds 
  Import took 0.009816 seconds .

========================================================================
Received Import Request.
  Time since last request: 0.317353 seconds.
  path: Assets/Script/PlayerController.cs
  artifactKey: Guid(fd87fc38dda71404ca928aeb459e69e3) Importer(815301076,1909f56bfc062723c751e8b465ee728b)
Start importing Assets/Script/PlayerController.cs using Guid(fd87fc38dda71404ca928aeb459e69e3) Importer(815301076,1909f56bfc062723c751e8b465ee728b)  -> (artifact id: 'b1cd268755874cd161f63daf6589cbda') in 0.006375 seconds 
  Import took 0.009458 seconds .

========================================================================
Received Import Request.
  Time since last request: 0.556000 seconds.
  path: Assets/Script/Option.cs
  artifactKey: Guid(d707005271e87bc468523f16db9b0586) Importer(815301076,1909f56bfc062723c751e8b465ee728b)
Start importing Assets/Script/Option.cs using Guid(d707005271e87bc468523f16db9b0586) Importer(815301076,1909f56bfc062723c751e8b465ee728b)  -> (artifact id: 'c83ebc387ea7dc5e5d749ad1bf72c95a') in 0.007619 seconds 
  Import took 0.010965 seconds .

========================================================================
Received Import Request.
  Time since last request: 0.253814 seconds.
  path: Assets/Script/LeftTrap.cs
  artifactKey: Guid(0f3cf4bcda47ed7418d0f4f420d81b65) Importer(815301076,1909f56bfc062723c751e8b465ee728b)
Start importing Assets/Script/LeftTrap.cs using Guid(0f3cf4bcda47ed7418d0f4f420d81b65) Importer(815301076,1909f56bfc062723c751e8b465ee728b)  -> (artifact id: '3e14dbd91ebab299667341a2268c859c') in 0.006390 seconds 
  Import took 0.009953 seconds .

========================================================================
Received Import Request.
  Time since last request: 8.143716 seconds.
  path: Assets/Script/GameOverScore.cs
  artifactKey: Guid(db545eca86c806a45ab4ecf92b42d905) Importer(815301076,1909f56bfc062723c751e8b465ee728b)
Start importing Assets/Script/GameOverScore.cs using Guid(db545eca86c806a45ab4ecf92b42d905) Importer(815301076,1909f56bfc062723c751e8b465ee728b)  -> (artifact id: '02b958d5c7cc2f962be6f85104848e1b') in 0.007034 seconds 
  Import took 0.010458 seconds .

========================================================================
Received Import Request.
  Time since last request: 0.618775 seconds.
  path: Assets/Script/GameManager.cs
  artifactKey: Guid(9155c438dc4a36441bf1c09941a65007) Importer(815301076,1909f56bfc062723c751e8b465ee728b)
Start importing Assets/Script/GameManager.cs using Guid(9155c438dc4a36441bf1c09941a65007) Importer(815301076,1909f56bfc062723c751e8b465ee728b)  -> (artifact id: '0a021142f1431c9a52f4383519ef6604') in 0.006402 seconds 
  Import took 0.009693 seconds .

========================================================================
Received Import Request.
  Time since last request: 2.489070 seconds.
  path: Assets/Script/Coin1.cs
  artifactKey: Guid(3178d53b3b4684543a9c871a594cc774) Importer(815301076,1909f56bfc062723c751e8b465ee728b)
Start importing Assets/Script/Coin1.cs using Guid(3178d53b3b4684543a9c871a594cc774) Importer(815301076,1909f56bfc062723c751e8b465ee728b)  -> (artifact id: '76c45fa8589e7f6318f3b329e5e37c10') in 0.017404 seconds 
  Import took 0.020662 seconds .

========================================================================
Received Import Request.
  Time since last request: 0.983991 seconds.
  path: Assets/Script/_motiontime.cs
  artifactKey: Guid(0d676e49203803d41a217989a5a3e00b) Importer(815301076,1909f56bfc062723c751e8b465ee728b)
Start importing Assets/Script/_motiontime.cs using Guid(0d676e49203803d41a217989a5a3e00b) Importer(815301076,1909f56bfc062723c751e8b465ee728b)  -> (artifact id: '3d1f7c650904746b6bd2bd04b26c7153') in 0.007094 seconds 
  Import took 0.010534 seconds .

AssetImportWorkerClient::OnTransportError - code=2 error=End of file
